make all --print-data-base --no-builtin-variables --no-builtin-rules --question
# GNU Make 3.81
# Copyright (C) 2006  Free Software Foundation, Inc.
# This is free software; see the source for copying conditions.
# There is NO warranty; not even for MERCHANTABILITY or FITNESS FOR A
# PARTICULAR PURPOSE.

# This program built for i386-apple-darwin11.3.0
 

# Make data base, printed on Thu Mar 17 15:38:24 2022

# Variables

# automatic
<D = $(patsubst %/,%,$(dir $<))
# automatic
?F = $(notdir $?)
# environment
ELECTRON_NO_ATTACH_CONSOLE = 1
# environment
GOENV_ROOT = /Users/k22/.goenv
# environment
 
LC_CTYPE = UTF-8
# environment
VSCODE_LOG_NATIVE = false
# environment
FFF_TRASH = /Users/k22/.local/share/fff/trash
# environment
CPPFLAGS = -I/usr/local/opt/openssl@3/include
# environment
NNN_BMS = o:~/Develop;O:~/Posts;7:~/Develop/Scala
# automatic
@D = $(patsubst %/,%,$(dir $@))
# automatic
@F = $(notdir $@)
# makefile
CURDIR := /Users/k22/Develop/friendbear.github.io
# makefile
SHELL = /bin/sh
# environment
VSCODE_NLS_CONFIG = {"locale":"en-us","availableLanguages":{},"_languagePackSupport":true}
# environment
_ = /usr/bin/make
# environment
FFF_FAV1 = /Users/k22/Develop
# environment
FFF_LS_COLORS = 1
# environment
FFF_FAV7 = 
# environment
FFF_COL3 = 6
# environment
ENHANCD_HYPHEN_ARG = -
# environment
HISTCONTROL = ignorespace
# environment
ENHANCD_DIR = /Users/k22/.enhancd
# automatic
?D = $(patsubst %/,%,$(dir $?))
# environment
GOENV_SHELL = bash
# environment
VSCODE_VERBOSE_LOGGING = true
# environment
__CFBundleIdentifier = com.microsoft.VSCode
# environment
FFF_LEVEL = 1
# environment
WASMER_DIR = /Users/k22/.wasmer
# environment
ENHANCD_HOME_ARG = 
# environment
VSCODE_IPC_HOOK_EXTHOST = /var/folders/cw/mfjkzkvx0vl4qt1c_k0skyth0000gn/T/vscode-ipc-b5c119e4-2531-46e1-83d0-74487869cb0b.sock
# environment
VSCODE_CWD = /Users/k22/Develop/friendbear.github.io
# environment
PATH = /usr/local/opt/qt@5/bin:/usr/local/opt/openssl@3/bin:/Library/Java/JavaVirtualMachines/amazon-corretto-17.jdk/Contents/Home/bin:/Library/Java/JavaVirtualMachines/graalvm-ce-java17-21.3.0/Contents/Home/bin:/Library/Java/JavaVirtualMachines/graalvm-ce-java11-21.1.0/Contents/Home/bin:/usr/local/opt/sqlite/bin:/usr/local/sbin:/Users/k22/.cargo/bin:/usr/local/opt/sqlite/bin:/Users/k22/.rbenv/shims:/Users/k22/.goenv/shims:/Users/k22/.goenv/bin:/Users/k22/.nodebrew/current/bin:/Users/k22/Bin:/Users/k22/.sbtenv/shims:/Users/k22/.sbtenv/bin:/Users/k22/.scalaenv/shims:/Users/k22/.scalaenv/bin:/usr/local/opt/gettext/bin:/Users/k22/.local/bin:/Users/k22/.cargo/bin:/Users/k22/.wasmer/bin:/Users/k22/.pyenv/shims:/Users/k22/.pyenv/bin:/usr/local/bin:/usr/bin:/bin:/usr/sbin:/sbin:/Applications/VMware Fusion.app/Contents/Public:/Library/TeX/texbin:/usr/local/MacGPG2/bin:/Applications/Little Snitch.app/Contents/Components:/Applications/Server.app/Contents/ServerRoot/usr/bin:/Applications/Server.app/Contents/ServerRoot/usr/sbin:/Library/Apple/usr/bin:/Users/k22/.wasmer/globals/wapm_packages/.bin:/Users/k22/.SpaceVim/bin:/Users/k22/Apache/kafka/bin
# environment
FFF_FAV2 = /Users/k22/WorkDocs
# environment
LSCOLORS = GxFxCxDxBxegedabagaced
# environment
FFF_FAV4 = /tmp
# environment
ENHANCD_USE_FUZZY_MATCH = 1
# environment
ENHANCD_DISABLE_HYPHEN = 0
# environment
FFF_FAV6 = 
# environment
LaunchInstanceID = 0CFE9C43-8A64-4889-A48E-F3A9F10EA6B3
# environment
VSCODE_LOG_STACK = false
# environment
ELECTRON_RUN_AS_NODE = 1
# environment
PYENV_ROOT = /Users/k22/.pyenv
# environment
LDFLAGS = -L/usr/local/opt/openssl@3/lib
# default
.FEATURES := target-specific order-only second-expansion else-if archives jobserver check-symlink
# environment
ENHANCD_DISABLE_HOME = 0
# environment
SSH_AUTH_SOCK = /private/tmp/com.apple.launchd.VT53u5yIZI/Listeners
# automatic
%F = $(notdir $%)
# default
MAKEFILES := 
# environment
ENHANCD_FILTER = fzy:fzf-tmux:fzf:peco:percol:gof:pick:icepick:sentaku:selecta
# environment
VSCODE_PIPE_LOGGING = true
# environment
FFF_W3M_YOFFSET = 0
# environment
PWD = /Users/k22/Develop/friendbear.github.io
# environment
FFF_FAV8 = 
# environment
NNN_COPIER = /Users/k22/Bin/copier.sh
# environment
PKG_CONFIG_PATH = /usr/local/opt/openssl@3/lib/pkgconfig
# environment
HISTTIMEFORMAT = %F %T 
# environment
ORIGINAL_XDG_CURRENT_DESKTOP = undefined
# environment
VSCODE_AMD_ENTRYPOINT = vs/workbench/api/node/extensionHostProcess
# environment
HOME = /Users/k22
# environment
ENHANCD_COMMAND = cd
# makefile (from `Makefile', line 1)
MAKEFILE_LIST :=  Makefile
# default
MAKEFILEPATH = $(shell /usr/bin/xcode-select -print-path 2>/dev/null || echo /Developer)/Makefiles
# environment
VSCODE_CLI = 1
# environment
VSCODE_CODE_CACHE_PATH = /Users/k22/Library/Application Support/Code/CachedData/8908a9ca0f221f36507231afb39d2d8d1e182702
# environment
LOGNAME = k22
# environment
APPLICATION_INSIGHTS_NO_DIAGNOSTIC_CHANNEL = 1
# environment
MCFLY_SESSION_ID = bQJwOz6Znc4bYnfaW3uGAN8w
# environment
NNN_SHOW_HIDDEN = 1
# environment
VSCODE_HANDLES_UNCAUGHT_ERRORS = true
# automatic
^D = $(patsubst %/,%,$(dir $^))
# environment
GRAALVM_HOME = /Library/Java/JavaVirtualMachines/graalvm-ce-java17-21.3.0
# environment
MAKELEVEL := 0
# environment
FFF_FILE_FORMAT = %f
# environment
XPC_FLAGS = 0x0
# environment
HISTFILE = /Users/k22/.bash_history
# default
MAKE = $(MAKE_COMMAND)
# environment
LC_TERMINAL = iTerm2
# environment
SHLVL = 3
# environment
WASMER_CACHE_DIR = /Users/k22/.wasmer/cache
# environment
STARSHIP_SESSION_KEY = 3443101421346115
# environment
JAVA_HOME = /Library/Java/JavaVirtualMachines/amazon-corretto-17.jdk/Contents/Home
# default
MAKE_VERSION := 3.81
# environment
USER = k22
# environment
FFF_FAV3 = /Users/k22/
# makefile
.DEFAULT_GOAL := all
# default
MAKECMDGOALS := all
# environment
TERM_SESSION_ID = w1t0p0:3AA39B5C-0237-478C-92B3-17C7A1D7E354
# environment
FFF_FAV5 = /
# automatic
%D = $(patsubst %/,%,$(dir $%))
# environment
FFF_MARK_FORMAT =  %f*
# environment
SCALAENV_SHELL = bash
 
# environment
FFF_W3M_XOFFSET = 0
# environment
SBTENV_SHELL = bash
# environment
ENHANCD_AWK = awk
# environment
TERM_PROGRAM = iTerm.app
# default
.VARIABLES := 
# environment
TMPDIR = /var/folders/cw/mfjkzkvx0vl4qt1c_k0skyth0000gn/T/
# automatic
*F = $(notdir $*)
# environment
VSCODE_IPC_HOOK = /Users/k22/Library/Application Support/Code/1.65.1-main.sock
# makefile
MAKEFLAGS = Rrqp
# environment
MFLAGS = -Rrqp
# automatic
*D = $(patsubst %/,%,$(dir $*))
# environment
TERM_PROGRAM_VERSION = 3.4.15
# environment
FFF_COL4 = 1
# environment
XPC_SERVICE_NAME = application.com.microsoft.VSCode.154279758.154279769.9142A4E5-DC27-4E7A-84B5-4C0CE9FE676E
# environment
FFF_COL1 = 4
# automatic
+D = $(patsubst %/,%,$(dir $+))
# automatic
+F = $(notdir $+)
# environment
ITERM_SESSION_ID = w1t0p0:3AA39B5C-0237-478C-92B3-17C7A1D7E354
# environment
ENHANCD_DOT_ARG = ..
# environment
COLORFGBG = 12;8
# default
MAKE_COMMAND := /Library/Developer/CommandLineTools/usr/bin/make
# environment
COLORTERM = truecolor
# environment
__CF_USER_TEXT_ENCODING = 0x1F5:0x0:0x0
# environment
COMMAND_MODE = unix2003
# environment
MCFLY_HISTORY = /var/folders/cw/mfjkzkvx0vl4qt1c_k0skyth0000gn/T/mcfly.XXXXXXXX.qHUguTVI
# environment
NNN_USE_EDITOR = 1
# environment
RBENV_SHELL = bash
# automatic
<F = $(notdir $<)
# environment
ITERM_PROFILE = Default
# environment
ENHANCD_DOT_SHOW_FULLPATH = 0
# environment
FFF_COL2 = 7
# environment
EDITOR = nvim
# environment
LC_ALL = C
# environment
LC_TERMINAL_VERSION = 3.4.15
# environment
SECURITYSESSIONID = 186a7
# automatic
^F = $(notdir $^)
# environment
ENHANCD_HYPHEN_NUM = 10
# default
SUFFIXES := 
# environment
FFF_HIDDEN = 0
# environment
FFF_CD_FILE = /Users/k22/.fff_d
# environment
NNN_NOTE = /Users/k22/.mynotes
# default
.INCLUDE_DIRS = /usr/local/include
# environment
FFF_FAV9 = 
# environment
ENHANCD_DISABLE_DOT = 0
# environment
GPG_TTY = /dev/ttys005
# environment
CLICOLOR = 1
# environment
LANG = C
# environment
TERM = xterm-256color
# environment
VSCODE_PID = 31543
# environment
FFF_CD_ON_EXIT = 1
# environment
NNN_CONTEXT_COLORS = 6534
# environment
ENHANCD_ROOT = /Users/k22/GitHub/enhancd
# environment
FFF_TRASH_CMD = mv
# environment
STARSHIP_SHELL = bash
# variable set hash-table stats:
# Load=145/1024=14%, Rehash=0, Collisions=24/171=14%

# Pattern-specific Variable Values

# No pattern-specific variable values.

# Directories

# . (device 16777220, inode 116687043): 42 files, no impossibilities.

# 42 files, no impossibilities in 1 directories.

# Implicit Rules

# No implicit rules.

# Files

change:
#  Implicit rule search has not been done.
#  Modification time never checked.
#  File has not been updated.
#  commands to execute (from `Makefile', line 14):
	open $(bundle show minima)
	

all: build serve
#  Command-line target.
#  Implicit rule search has been done.
#  File does not exist.
#  File has been updated.
#  Needs to be updated (-q is set).
# variable set hash-table stats:
# Load=0/32=0%, Rehash=0, Collisions=0/2=0%

# Not a target:
.SUFFIXES:
#  Implicit rule search has not been done.
#  Modification time never checked.
#  File has not been updated.

# Not a target:
Makefile:
#  Implicit rule search has been done.
#  Last modified 2021-10-19 11:15:49
#  File has been updated.
#  Successfully updated.
# variable set hash-table stats:
# Load=0/32=0%, Rehash=0, Collisions=0/0=0%

update:
#  Implicit rule search has not been done.
#  Modification time never checked.
#  File has not been updated.
#  commands to execute (from `Makefile', line 17):
	bundle update jekyll
	

build:
#  Implicit rule search has not been done.
#  Implicit/static pattern stem: `'
#  File does not exist.
#  File has been updated.
#  Needs to be updated (-q is set).
# automatic
# @ := build
# automatic
# % := 
# automatic
# * := 
# automatic
# + := 
# automatic
 
# | := 
# automatic
# < := 
# automatic
# ^ := 
# automatic
# ? := 
# variable set hash-table stats:
# Load=8/32=25%, Rehash=0, Collisions=1/10=10%
#  commands to execute (from `Makefile', line 5):
	JEKYLL_ENV=production bundle exec jekyll build --incremental
	

themes:
#  Implicit rule search has not been done.
#  Modification time never checked.
#  File has not been updated.
#  commands to execute (from `Makefile', line 11):
	bundle show
	

# Not a target:
.DEFAULT:
#  Implicit rule search has not been done.
#  Modification time never checked.
#  File has not been updated.

serve:
#  Implicit rule search has not been done.
#  Modification time never checked.
#  File has not been updated.
#  commands to execute (from `Makefile', line 8):
	JEKYLL_ENV=production bundle exec jekyll serve --incremental
	

# files hash-table stats:
# Load=9/1024=1%, Rehash=0, Collisions=0/25=0%
# VPATH Search Paths

# No `vpath' search paths.

# No general (`VPATH' variable) search path.

# # of strings in strcache: 1
# # of strcache buffers: 1
# strcache size: total = 4096 / max = 4096 / min = 4096 / avg = 4096
# strcache free: total = 4087 / max = 4087 / min = 4087 / avg = 4087

# Finished Make data base on Thu Mar 17 15:38:24 2022

 
